2019-03-05 10:16:08,830 INFO o.a.j.u.JMeterUtils: Setting Locale to en_EN
2019-03-05 10:16:08,866 INFO o.a.j.JMeter: Loading user properties from: /usr/local/Cellar/jmeter/5.0/libexec/bin/user.properties
2019-03-05 10:16:08,867 INFO o.a.j.JMeter: Loading system properties from: /usr/local/Cellar/jmeter/5.0/libexec/bin/system.properties
2019-03-05 10:16:08,875 INFO o.a.j.JMeter: Copyright (c) 1998-2018 The Apache Software Foundation
2019-03-05 10:16:08,876 INFO o.a.j.JMeter: Version 5.0 r1840935
2019-03-05 10:16:08,876 INFO o.a.j.JMeter: java.version=1.8.0_171
2019-03-05 10:16:08,876 INFO o.a.j.JMeter: java.vm.name=Java HotSpot(TM) 64-Bit Server VM
2019-03-05 10:16:08,876 INFO o.a.j.JMeter: os.name=Mac OS X
2019-03-05 10:16:08,876 INFO o.a.j.JMeter: os.arch=x86_64
2019-03-05 10:16:08,876 INFO o.a.j.JMeter: os.version=10.14.3
2019-03-05 10:16:08,876 INFO o.a.j.JMeter: file.encoding=UTF-8
2019-03-05 10:16:08,876 INFO o.a.j.JMeter: Max memory     =1073741824
2019-03-05 10:16:08,876 INFO o.a.j.JMeter: Available Processors =4
2019-03-05 10:16:08,883 INFO o.a.j.JMeter: Default Locale=English (EN)
2019-03-05 10:16:08,883 INFO o.a.j.JMeter: JMeter  Locale=English (EN)
2019-03-05 10:16:08,883 INFO o.a.j.JMeter: JMeterHome=/usr/local/Cellar/jmeter/5.0/libexec
2019-03-05 10:16:08,883 INFO o.a.j.JMeter: user.dir  =/Users/ehsn/F2E-UnitTest
2019-03-05 10:16:08,883 INFO o.a.j.JMeter: PWD       =/Users/ehsn/F2E-UnitTest
2019-03-05 10:16:08,893 INFO o.a.j.JMeter: IP: 172.21.3.59 Name: ehsnde-MacBook-Pro.local FullName: 172.21.3.59
2019-03-05 10:16:11,695 INFO o.a.j.g.a.LookAndFeelCommand: Installing Darcula LAF
2019-03-05 10:16:11,724 INFO o.a.j.g.a.LookAndFeelCommand: Using look and feel: com.bulenkov.darcula.DarculaLaf [Darcula]
2019-03-05 10:16:11,724 INFO o.a.j.JMeter: Setting LAF to: com.bulenkov.darcula.DarculaLaf
2019-03-05 10:16:11,858 INFO o.a.j.JMeter: Loaded icon properties from org/apache/jmeter/images/icon.properties
2019-03-05 10:16:16,427 INFO o.a.j.e.u.CompoundVariable: Note: Function class names must contain the string: '.functions.'
2019-03-05 10:16:16,428 INFO o.a.j.e.u.CompoundVariable: Note: Function class names must not contain the string: '.gui.'
2019-03-05 10:16:18,850 INFO k.a.j.JMeterPluginsUtils: JMeter-Plugins.org v.1.4.0
2019-03-05 10:16:19,917 WARN o.a.j.g.u.MenuFactory: Configuration error, probably corrupt or missing third party library(jar)? Could not create class: kg.apc.jmeter.reporters.LoadosophiaUploaderGui.
java.lang.NoClassDefFoundError: org/apache/commons/httpclient/methods/multipart/PartSource
	at kg.apc.jmeter.reporters.LoadosophiaUploaderGui.init(LoadosophiaUploaderGui.java:114) ~[JMeterPlugins-Standard.jar:?]
	at kg.apc.jmeter.reporters.LoadosophiaUploaderGui.<init>(LoadosophiaUploaderGui.java:28) ~[JMeterPlugins-Standard.jar:?]
	at sun.reflect.NativeConstructorAccessorImpl.newInstance0(Native Method) ~[?:1.8.0_171]
	at sun.reflect.NativeConstructorAccessorImpl.newInstance(NativeConstructorAccessorImpl.java:62) ~[?:1.8.0_171]
	at sun.reflect.DelegatingConstructorAccessorImpl.newInstance(DelegatingConstructorAccessorImpl.java:45) ~[?:1.8.0_171]
	at java.lang.reflect.Constructor.newInstance(Constructor.java:423) ~[?:1.8.0_171]
	at java.lang.Class.newInstance(Class.java:442) ~[?:1.8.0_171]
	at org.apache.jmeter.gui.util.MenuFactory.getGUIComponent(MenuFactory.java:174) ~[ApacheJMeter_core.jar:5.0 r1840935]
	at org.apache.jmeter.gui.util.MenuFactory.initializeMenus(MenuFactory.java:141) ~[ApacheJMeter_core.jar:5.0 r1840935]
	at org.apache.jmeter.gui.util.MenuFactory.<clinit>(MenuFactory.java:106) ~[ApacheJMeter_core.jar:5.0 r1840935]
	at org.apache.jmeter.control.gui.TestPlanGui.createPopupMenu(TestPlanGui.java:92) ~[ApacheJMeter_core.jar:5.0 r1840935]
	at org.apache.jmeter.gui.tree.JMeterTreeNode.createPopupMenu(JMeterTreeNode.java:184) ~[ApacheJMeter_core.jar:5.0 r1840935]
	at org.apache.jmeter.gui.action.EditCommand.doAction(EditCommand.java:46) ~[ApacheJMeter_core.jar:5.0 r1840935]
	at org.apache.jmeter.gui.action.ActionRouter.performAction(ActionRouter.java:88) ~[ApacheJMeter_core.jar:5.0 r1840935]
	at org.apache.jmeter.gui.action.ActionRouter.lambda$actionPerformed$0(ActionRouter.java:70) ~[ApacheJMeter_core.jar:5.0 r1840935]
	at java.awt.event.InvocationEvent.dispatch(InvocationEvent.java:311) [?:1.8.0_171]
	at java.awt.EventQueue.dispatchEventImpl(EventQueue.java:758) [?:1.8.0_171]
	at java.awt.EventQueue.access$500(EventQueue.java:97) [?:1.8.0_171]
	at java.awt.EventQueue$3.run(EventQueue.java:709) [?:1.8.0_171]
	at java.awt.EventQueue$3.run(EventQueue.java:703) [?:1.8.0_171]
	at java.security.AccessController.doPrivileged(Native Method) [?:1.8.0_171]
	at java.security.ProtectionDomain$JavaSecurityAccessImpl.doIntersectionPrivilege(ProtectionDomain.java:80) [?:1.8.0_171]
	at java.awt.EventQueue.dispatchEvent(EventQueue.java:728) [?:1.8.0_171]
	at java.awt.EventDispatchThread.pumpOneEventForFilters(EventDispatchThread.java:205) [?:1.8.0_171]
	at java.awt.EventDispatchThread.pumpEventsForFilter(EventDispatchThread.java:116) [?:1.8.0_171]
	at java.awt.EventDispatchThread.pumpEventsForHierarchy(EventDispatchThread.java:105) [?:1.8.0_171]
	at java.awt.EventDispatchThread.pumpEvents(EventDispatchThread.java:101) [?:1.8.0_171]
	at java.awt.EventDispatchThread.pumpEvents(EventDispatchThread.java:93) [?:1.8.0_171]
	at java.awt.EventDispatchThread.run(EventDispatchThread.java:82) [?:1.8.0_171]
Caused by: java.lang.ClassNotFoundException: org.apache.commons.httpclient.methods.multipart.PartSource
	at java.net.URLClassLoader.findClass(URLClassLoader.java:381) ~[?:1.8.0_171]
	at java.lang.ClassLoader.loadClass(ClassLoader.java:424) ~[?:1.8.0_171]
	at java.lang.ClassLoader.loadClass(ClassLoader.java:357) ~[?:1.8.0_171]
	... 29 more
2019-03-05 10:16:21,409 INFO o.a.j.p.h.s.HTTPSamplerBase: Parser for text/html is org.apache.jmeter.protocol.http.parser.LagartoBasedHtmlParser
2019-03-05 10:16:21,409 INFO o.a.j.p.h.s.HTTPSamplerBase: Parser for application/xhtml+xml is org.apache.jmeter.protocol.http.parser.LagartoBasedHtmlParser
2019-03-05 10:16:21,410 INFO o.a.j.p.h.s.HTTPSamplerBase: Parser for application/xml is org.apache.jmeter.protocol.http.parser.LagartoBasedHtmlParser
2019-03-05 10:16:21,410 INFO o.a.j.p.h.s.HTTPSamplerBase: Parser for text/xml is org.apache.jmeter.protocol.http.parser.LagartoBasedHtmlParser
2019-03-05 10:16:21,410 INFO o.a.j.p.h.s.HTTPSamplerBase: Parser for text/vnd.wap.wml is org.apache.jmeter.protocol.http.parser.RegexpHTMLParser
2019-03-05 10:16:21,410 INFO o.a.j.p.h.s.HTTPSamplerBase: Parser for text/css is org.apache.jmeter.protocol.http.parser.CssParser
2019-03-05 10:16:21,936 INFO o.a.j.e.KeyToolUtils: keytool found at 'keytool'
2019-03-05 10:16:21,937 INFO o.a.j.p.h.p.ProxyControl: HTTP(S) Test Script Recorder SSL Proxy will use keys that support embedded 3rd party resources in file /usr/local/Cellar/jmeter/5.0/libexec/bin/proxyserver.jks
2019-03-05 10:16:22,410 INFO o.a.j.s.FileServer: Default base='/Users/ehsn/F2E-UnitTest'
2019-03-05 10:16:22,898 INFO o.a.j.s.SampleResult: Note: Sample TimeStamps are START times
2019-03-05 10:16:22,898 INFO o.a.j.s.SampleResult: sampleresult.default.encoding is set to ISO-8859-1
2019-03-05 10:16:22,899 INFO o.a.j.s.SampleResult: sampleresult.useNanoTime=true
2019-03-05 10:16:22,899 INFO o.a.j.s.SampleResult: sampleresult.nanoThreadSleep=5000
2019-03-05 10:26:20,344 INFO o.a.j.g.a.Load: Loading file: /Users/ehsn/bzt-Jmeter/ETmalljmx/mainpage.jmx
2019-03-05 10:26:20,346 INFO o.a.j.s.FileServer: Set new base='/Users/ehsn/bzt-Jmeter/ETmalljmx'
2019-03-05 10:26:20,701 INFO o.a.j.s.SaveService: Testplan (JMX) version: 2.2. Testlog (JTL) version: 2.2
2019-03-05 10:26:20,736 INFO o.a.j.s.SaveService: Using SaveService properties file encoding UTF-8
2019-03-05 10:26:20,739 INFO o.a.j.s.SaveService: Using SaveService properties version 5.0
2019-03-05 10:26:20,745 INFO o.a.j.s.SaveService: Loading file: /Users/ehsn/bzt-Jmeter/ETmalljmx/mainpage.jmx
2019-03-05 10:26:20,817 INFO o.a.j.p.h.c.CookieManager: Settings: Delete null: true Check: true Allow variable: true Save: false Prefix: COOKIE_
2019-03-05 10:26:20,821 INFO o.a.j.p.h.c.CacheManager: Will only cache the following methods: [GET]
2019-03-05 10:26:21,529 INFO o.a.j.s.FileServer: Set new base='/Users/ehsn/bzt-Jmeter/ETmalljmx'
2019-03-05 10:26:38,487 INFO o.a.j.s.FileServer: Set new base='/Users/ehsn/bzt-Jmeter'
2019-03-05 10:28:31,954 INFO o.a.j.e.StandardJMeterEngine: Running the test!
2019-03-05 10:28:31,955 INFO o.a.j.s.SampleEvent: List of sample_variables: []
2019-03-05 10:28:31,956 INFO o.a.j.s.SampleEvent: List of sample_variables: []
2019-03-05 10:28:31,969 INFO o.a.j.g.u.JMeterMenuBar: setRunning(true, *local*)
2019-03-05 10:28:32,220 INFO o.a.j.e.StandardJMeterEngine: Starting ThreadGroup: 1 : Thread Group
2019-03-05 10:28:32,221 INFO o.a.j.e.StandardJMeterEngine: Starting 1 threads for group Thread Group.
2019-03-05 10:28:32,221 INFO o.a.j.e.StandardJMeterEngine: Thread will continue on error
2019-03-05 10:28:32,221 INFO o.a.j.t.ThreadGroup: Starting thread group... number=1 threads=1 ramp-up=1 perThread=1000.0 delayedStart=false
2019-03-05 10:28:32,227 INFO o.a.j.t.ThreadGroup: Started thread group number 1
2019-03-05 10:28:32,227 INFO o.a.j.e.StandardJMeterEngine: All thread groups have been started
2019-03-05 10:28:32,234 INFO o.a.j.t.JMeterThread: Thread started: Thread Group 1-1
2019-03-05 10:28:32,916 INFO o.a.j.t.JMeterThread: Thread is done: Thread Group 1-1
2019-03-05 10:28:32,916 INFO o.a.j.t.JMeterThread: Thread finished: Thread Group 1-1
2019-03-05 10:28:32,917 INFO o.a.j.e.StandardJMeterEngine: Notifying test listeners of end of test
2019-03-05 10:28:32,917 INFO o.a.j.g.u.JMeterMenuBar: setRunning(false, *local*)
